<?xml version="1.0" encoding="UTF-8"?>
<testng-results ignored="0" total="1" passed="1" failed="0" skipped="0">
  <reporter-output>
  </reporter-output>
  <suite started-at="2025-07-02T20:02:12 IST" name="search functionality test" finished-at="2025-07-02T20:02:30 IST" duration-ms="18042">
    <groups>
    </groups>
    <test started-at="2025-07-02T20:02:12 IST" name="SearchTests" finished-at="2025-07-02T20:02:30 IST" duration-ms="18042">
      <class name="com.search.tests.SearchTest">
        <test-method is-config="true" signature="setUp()[pri:0, instance:com.search.tests.SearchTest@54d9d12d]" started-at="2025-07-02T20:02:12 IST" name="setUp" finished-at="2025-07-02T20:02:16 IST" duration-ms="3911" status="PASS">
          <reporter-output>
          </reporter-output>
        </test-method> <!-- setUp -->
        <test-method signature="testValidSearch()[pri:0, instance:com.search.tests.SearchTest@54d9d12d]" started-at="2025-07-02T20:02:16 IST" name="testValidSearch" finished-at="2025-07-02T20:02:25 IST" duration-ms="8909" status="PASS">
          <reporter-output>
          </reporter-output>
        </test-method> <!-- testValidSearch -->
        <test-method is-config="true" signature="tearDown()[pri:0, instance:com.search.tests.SearchTest@54d9d12d]" started-at="2025-07-02T20:02:25 IST" name="tearDown" finished-at="2025-07-02T20:02:30 IST" duration-ms="5135" status="PASS">
          <reporter-output>
          </reporter-output>
        </test-method> <!-- tearDown -->
      </class> <!-- com.search.tests.SearchTest -->
    </test> <!-- SearchTests -->
  </suite> <!-- search functionality test -->
</testng-results>
