<?xml version="1.0" encoding="UTF-8"?>
<!-- Generated by org.testng.reporters.JUnitXMLReporter -->
<testsuite ignored="0" hostname="Rhucha" failures="0" tests="5" name="LoginTests" time="96.173" errors="0" timestamp="2025-07-01T18:27:41 IST">
  <testcase classname="com.link.tests.NavigationTest" name="testAboutLink" time="5.108"/>
  <testcase classname="com.link.tests.NavigationTest" name="testContactLink" time="8.796"/>
  <testcase classname="com.link.tests.NavigationTest" name="testHomeLink" time="16.739"/>
  <testcase classname="com.link.tests.NavigationTest" name="testPatientsLink" time="4.071"/>
  <testcase classname="com.link.tests.NavigationTest" name="testServicesLink" time="6.931"/>
</testsuite> <!-- LoginTests -->
