<?xml version="1.0" encoding="UTF-8"?>
<!-- Generated by org.testng.reporters.JUnitXMLReporter -->
<testsuite ignored="0" hostname="Rhucha" failures="0" tests="5" name="LoginTests" time="35.598" errors="0" timestamp="2025-06-30T19:19:21 IST">
  <testcase classname="com.form.tests.FormTest" name="testValidFormSubmission" time="2.763"/>
  <testcase classname="com.form.tests.FormTest" name="validateFormWithInvalidDOB" time="0.379"/>
  <testcase classname="com.form.tests.FormTest" name="validateFormWithInvalidEmail" time="0.435"/>
  <testcase classname="com.form.tests.FormTest" name="validateFormWithInvalidPhone" time="0.342"/>
  <testcase classname="com.form.tests.FormTest" name="validateFormWithInvalidPostal" time="0.499"/>
</testsuite> <!-- LoginTests -->
