<?xml version="1.0" encoding="UTF-8"?>
<testng-results ignored="0" total="5" passed="5" failed="0" skipped="0">
  <reporter-output>
  </reporter-output>
  <suite started-at="2025-06-30T19:18:45 IST" name="SauceDemo Login Suite" finished-at="2025-06-30T19:19:21 IST" duration-ms="35598">
    <groups>
    </groups>
    <test started-at="2025-06-30T19:18:45 IST" name="LoginTests" finished-at="2025-06-30T19:19:21 IST" duration-ms="35598">
      <class name="com.form.tests.FormTest">
        <test-method is-config="true" signature="setUp()[pri:0, instance:com.form.tests.FormTest@5542c4ed]" started-at="2025-06-30T19:18:45 IST" name="setUp" finished-at="2025-06-30T19:18:53 IST" duration-ms="7751" status="PASS">
          <reporter-output>
          </reporter-output>
        </test-method> <!-- setUp -->
        <test-method signature="testValidFormSubmission()[pri:0, instance:com.form.tests.FormTest@5542c4ed]" started-at="2025-06-30T19:18:53 IST" name="testValidFormSubmission" finished-at="2025-06-30T19:18:56 IST" duration-ms="2763" status="PASS">
          <reporter-output>
          </reporter-output>
        </test-method> <!-- testValidFormSubmission -->
        <test-method is-config="true" signature="tearDown()[pri:0, instance:com.form.tests.FormTest@5542c4ed]" started-at="2025-06-30T19:18:56 IST" name="tearDown" finished-at="2025-06-30T19:18:56 IST" duration-ms="673" status="PASS">
          <reporter-output>
          </reporter-output>
        </test-method> <!-- tearDown -->
        <test-method is-config="true" signature="setUp()[pri:0, instance:com.form.tests.FormTest@5542c4ed]" started-at="2025-06-30T19:18:56 IST" name="setUp" finished-at="2025-06-30T19:19:03 IST" duration-ms="6496" status="PASS">
          <reporter-output>
          </reporter-output>
        </test-method> <!-- setUp -->
        <test-method signature="validateFormWithInvalidDOB()[pri:0, instance:com.form.tests.FormTest@5542c4ed]" started-at="2025-06-30T19:19:03 IST" name="validateFormWithInvalidDOB" finished-at="2025-06-30T19:19:03 IST" duration-ms="379" status="PASS">
          <reporter-output>
          </reporter-output>
        </test-method> <!-- validateFormWithInvalidDOB -->
        <test-method is-config="true" signature="tearDown()[pri:0, instance:com.form.tests.FormTest@5542c4ed]" started-at="2025-06-30T19:19:03 IST" name="tearDown" finished-at="2025-06-30T19:19:04 IST" duration-ms="251" status="PASS">
          <reporter-output>
          </reporter-output>
        </test-method> <!-- tearDown -->
        <test-method is-config="true" signature="setUp()[pri:0, instance:com.form.tests.FormTest@5542c4ed]" started-at="2025-06-30T19:19:04 IST" name="setUp" finished-at="2025-06-30T19:19:08 IST" duration-ms="4499" status="PASS">
          <reporter-output>
          </reporter-output>
        </test-method> <!-- setUp -->
        <test-method signature="validateFormWithInvalidEmail()[pri:0, instance:com.form.tests.FormTest@5542c4ed]" started-at="2025-06-30T19:19:08 IST" name="validateFormWithInvalidEmail" finished-at="2025-06-30T19:19:09 IST" duration-ms="435" status="PASS">
          <reporter-output>
          </reporter-output>
        </test-method> <!-- validateFormWithInvalidEmail -->
        <test-method is-config="true" signature="tearDown()[pri:0, instance:com.form.tests.FormTest@5542c4ed]" started-at="2025-06-30T19:19:09 IST" name="tearDown" finished-at="2025-06-30T19:19:09 IST" duration-ms="282" status="PASS">
          <reporter-output>
          </reporter-output>
        </test-method> <!-- tearDown -->
        <test-method is-config="true" signature="setUp()[pri:0, instance:com.form.tests.FormTest@5542c4ed]" started-at="2025-06-30T19:19:09 IST" name="setUp" finished-at="2025-06-30T19:19:14 IST" duration-ms="5577" status="PASS">
          <reporter-output>
          </reporter-output>
        </test-method> <!-- setUp -->
        <test-method signature="validateFormWithInvalidPhone()[pri:0, instance:com.form.tests.FormTest@5542c4ed]" started-at="2025-06-30T19:19:14 IST" name="validateFormWithInvalidPhone" finished-at="2025-06-30T19:19:15 IST" duration-ms="342" status="PASS">
          <reporter-output>
          </reporter-output>
        </test-method> <!-- validateFormWithInvalidPhone -->
        <test-method is-config="true" signature="tearDown()[pri:0, instance:com.form.tests.FormTest@5542c4ed]" started-at="2025-06-30T19:19:15 IST" name="tearDown" finished-at="2025-06-30T19:19:15 IST" duration-ms="697" status="PASS">
          <reporter-output>
          </reporter-output>
        </test-method> <!-- tearDown -->
        <test-method is-config="true" signature="setUp()[pri:0, instance:com.form.tests.FormTest@5542c4ed]" started-at="2025-06-30T19:19:15 IST" name="setUp" finished-at="2025-06-30T19:19:20 IST" duration-ms="4428" status="PASS">
          <reporter-output>
          </reporter-output>
        </test-method> <!-- setUp -->
        <test-method signature="validateFormWithInvalidPostal()[pri:0, instance:com.form.tests.FormTest@5542c4ed]" started-at="2025-06-30T19:19:20 IST" name="validateFormWithInvalidPostal" finished-at="2025-06-30T19:19:20 IST" duration-ms="499" status="PASS">
          <reporter-output>
          </reporter-output>
        </test-method> <!-- validateFormWithInvalidPostal -->
        <test-method is-config="true" signature="tearDown()[pri:0, instance:com.form.tests.FormTest@5542c4ed]" started-at="2025-06-30T19:19:20 IST" name="tearDown" finished-at="2025-06-30T19:19:21 IST" duration-ms="437" status="PASS">
          <reporter-output>
          </reporter-output>
        </test-method> <!-- tearDown -->
      </class> <!-- com.form.tests.FormTest -->
    </test> <!-- LoginTests -->
  </suite> <!-- SauceDemo Login Suite -->
</testng-results>
